<?xml version="1.0" encoding="UTF-8"?>
<!-- Generated by org.testng.reporters.JUnitReportReporter -->
<testsuite skipped="0" hostname="CBEN-0163L14-LX" name="scenarios.MyStore_SignInWithRegisteredUserTest" tests="1" failures="0" timestamp="02 Mar 2021 15:20:06 GMT" time="17.865" errors="0">
  <testcase name="testScenario" time="17.865" classname="scenarios.MyStore_SignInWithRegisteredUserTest"/>
</testsuite> <!-- scenarios.MyStore_SignInWithRegisteredUserTest -->
