<?xml version="1.0" encoding="UTF-8"?>
<!-- Generated by org.testng.reporters.JUnitReportReporter -->
<testsuite skipped="0" hostname="CBEN-0163L14-LX" name="scenarios.Automation_AutomobileInsuranceProcess" tests="1" failures="0" timestamp="04 Mar 2021 06:07:18 GMT" time="38.168" errors="0">
  <testcase name="testScenario" time="38.168" classname="scenarios.Automation_AutomobileInsuranceProcess"/>
</testsuite> <!-- scenarios.Automation_AutomobileInsuranceProcess -->
