<?xml version="1.0" encoding="UTF-8"?>
<!-- Generated by org.testng.reporters.JUnitReportReporter -->
<testsuite skipped="0" hostname="CBEN-0163L14-LX" name="scenarios.AutomationAddToCartTest" tests="1" failures="0" timestamp="04 Mar 2021 06:04:12 GMT" time="36.695" errors="0">
  <testcase name="testScenario" time="36.695" classname="scenarios.AutomationAddToCartTest"/>
</testsuite> <!-- scenarios.AutomationAddToCartTest -->
